[2026-01-21 01:49:51] Collected stats - ATR OK:85, High:14, Low:12, Regime:STRONG_DOWNTREND
Next collection in 15 minutes...
[2026-01-21 02:04:51] Collected stats - ATR OK:86, High:33, Low:14, Regime:UNKNOWN
Next collection in 15 minutes...
[2026-01-21 02:19:52] Collected stats - ATR OK:84, High:18, Low:12, Regime:UNKNOWN
Next collection in 15 minutes...
[2026-01-21 02:34:52] Collected stats - ATR OK:85, High:16, Low:12, Regime:UNKNOWN
Next collection in 15 minutes...
[2026-01-21 02:49:53] Collected stats - ATR OK:85, High:16, Low:12, Regime:UNKNOWN
Next collection in 15 minutes...
[2026-01-21 03:04:53] Collected stats - ATR OK:79, High:37, Low:12, Regime:UNKNOWN
Next collection in 15 minutes...
[2026-01-21 03:19:54] Collected stats - ATR OK:86, High:16, Low:10, Regime:UNKNOWN
Next collection in 15 minutes...
[2026-01-21 03:34:54] Collected stats - ATR OK:85, High:16, Low:12, Regime:UNKNOWN
Next collection in 15 minutes...
[2026-01-21 03:49:55] Collected stats - ATR OK:84, High:18, Low:12, Regime:UNKNOWN
Next collection in 15 minutes...
[2026-01-21 04:04:55] Collected stats - ATR OK:85, High:38, Low:14, Regime:UNKNOWN
Next collection in 15 minutes...
[2026-01-21 04:19:56] Collected stats - ATR OK:87, High:12, Low:12, Regime:UNKNOWN
Next collection in 15 minutes...
[2026-01-21 04:34:57] Collected stats - ATR OK:87, High:12, Low:12, Regime:UNKNOWN
Next collection in 15 minutes...
[2026-01-21 04:49:57] Collected stats - ATR OK:87, High:12, Low:12, Regime:UNKNOWN
Next collection in 15 minutes...
[2026-01-21 05:04:58] Collected stats - ATR OK:86, High:35, Low:14, Regime:UNKNOWN
Next collection in 15 minutes...
[2026-01-21 05:19:59] Collected stats - ATR OK:86, High:12, Low:14, Regime:UNKNOWN
Next collection in 15 minutes...
[2026-01-21 05:35:00] Collected stats - ATR OK:85, High:14, Low:14, Regime:UNKNOWN
Next collection in 15 minutes...
[2026-01-21 05:50:00] Collected stats - ATR OK:86, High:12, Low:14, Regime:UNKNOWN
Next collection in 15 minutes...
[2026-01-21 06:05:01] Collected stats - ATR OK:86, High:31, Low:16, Regime:UNKNOWN
Next collection in 15 minutes...
[2026-01-21 06:20:02] Collected stats - ATR OK:86, High:12, Low:14, Regime:UNKNOWN
Next collection in 15 minutes...
[2026-01-21 06:35:03] Collected stats - ATR OK:88, High:8, Low:14, Regime:UNKNOWN
Next collection in 15 minutes...
[2026-01-21 06:50:04] Collected stats - ATR OK:89, High:6, Low:14, Regime:UNKNOWN
Next collection in 15 minutes...
[2026-01-21 07:05:05] Collected stats - ATR OK:86, High:28, Low:22, Regime:UNKNOWN
Next collection in 15 minutes...
npm error path /app
npm error command failed
npm error signal SIGTERM
npm error command sh -c nest start --watch
npm error A complete log of this run can be found in: /root/.npm/_logs/2026-01-20T16_37_16_241Z-debug-0.log
[2026-01-21 07:20:06] Collected stats - ATR OK:85, High:6, Low:22, Regime:STRONG_DOWNTREND
Next collection in 15 minutes...
[2026-01-21 07:35:07] Collected stats - ATR OK:85, High:6, Low:22, Regime:UNKNOWN
Next collection in 15 minutes...
[2026-01-21 07:50:08] Collected stats - ATR OK:89, High:4, Low:16, Regime:UNKNOWN
Next collection in 15 minutes...
[2026-01-21 08:05:09] Collected stats - ATR OK:89, High:29, Low:14, Regime:UNKNOWN
Next collection in 15 minutes...
[2026-01-21 08:20:10] Collected stats - ATR OK:88, High:6, Low:14, Regime:UNKNOWN
Next collection in 15 minutes...
[2026-01-21 08:35:11] Collected stats - ATR OK:88, High:8, Low:14, Regime:UNKNOWN
Next collection in 15 minutes...
